#
# A fatal error has been detected by the Java Runtime Environment:
#
#  EXCEPTION_ACCESS_VIOLATION (0xc0000005) at pc=0x00007ff894ec64f7, pid=13848, tid=28492
#
# JRE version: Java(TM) SE Runtime Environment (22.0.2+9) (build 22.0.2+9-70)
# Java VM: Java HotSpot(TM) 64-Bit Server VM (22.0.2+9-70, mixed mode, sharing, tiered, compressed oops, compressed class ptrs, g1 gc, windows-amd64)
# Problematic frame:
# C  0x00007ff894ec64f7
#
# No core dump will be written. Minidumps are not enabled by default on client versions of Windows
#
# If you would like to submit a bug report, please visit:
#   https://bugreport.java.com/bugreport/crash.jsp
#

---------------  S U M M A R Y ------------

Command Line: -javaagent:C:\Program Files\JetBrains\IntelliJ IDEA 2025.1\lib\idea_rt.jar=64602 -Dfile.encoding=UTF-8 -Dsun.stdout.encoding=UTF-8 -Dsun.stderr.encoding=UTF-8 org.BABO.client.ClientApplication

Host: 12th Gen Intel(R) Core(TM) i5-12500H, 16 cores, 15G,  Windows 11 , 64 bit Build 26100 (10.0.26100.4484)
Time: Fri Aug  8 12:29:17 2025 ora legale Europa occidentale elapsed time: 118.943850 seconds (0d 0h 1m 58s)

---------------  T H R E A D  ---------------

Current thread (0x0000021238471170):  VMThread "VM Thread"          [id=28492, stack(0x000000a744800000,0x000000a744900000) (1024K)]

Stack: [0x000000a744800000,0x000000a744900000],  sp=0x000000a7448fee40,  free space=1019k
Native frames: (J=compiled Java code, j=interpreted, Vv=VM code, C=native code)
C  0x00007ff894ec64f7  (no source info available)
C  [ucrtbase.dll+0x4bc75]  (no source info available)
C  [ucrtbase.dll+0x4b897]  (no source info available)
C  [ucrtbase.dll+0x4b84d]  (no source info available)
C  0x00007ff894ec3ccd  (no source info available)
C  0x00007ff894ec3df2  (no source info available)
C  [ntdll.dll+0x729e1]  (no source info available)
C  [ntdll.dll+0x3dc2f]  (no source info available)
C  [ntdll.dll+0x3c504]  (no source info available)
C  [KERNEL32.DLL+0x418ab]  (no source info available)
C  [ucrtbase.dll+0xa0093]  (no source info available)
V  [jvm.dll+0x6db87b]  (no source info available)
V  [jvm.dll+0x6db3b0]  (no source info available)
V  [jvm.dll+0x3e2314]  (no source info available)
V  [jvm.dll+0x87e0f0]  (no source info available)
V  [jvm.dll+0x87f477]  (no source info available)
V  [jvm.dll+0x87f9f0]  (no source info available)
V  [jvm.dll+0x87fc93]  (no source info available)
V  [jvm.dll+0x81dc0b]  (no source info available)
V  [jvm.dll+0x6e0d85]  (no source info available)
C  [ucrtbase.dll+0x37b0]  (no source info available)
C  [KERNEL32.DLL+0x2e8d7]  (no source info available)
C  [ntdll.dll+0x3c34c]  (no source info available)


siginfo: EXCEPTION_ACCESS_VIOLATION (0xc0000005), reading address 0x0000000000000000


Registers:
RAX=0x0000000000000000, RBX=0x000002123847e36a, RCX=0x0000021238471170, RDX=0x000000a7448fee40
RSP=0x000000a7448fee40, RBP=0x0000612da7e74bfa, RSI=0x0000021202b278c8, RDI=0x0000021202b278a0
R8 =0x0000000000010002, R9 =0x0000612da7e74bfa, R10=0x0000021216d40000, R11=0x000000a7448fef28
R12=0x0000000000000001, R13=0x00007ff894ec3e40, R14=0x000000a7448fef48, R15=0x0000021202b278a0
RIP=0x00007ff894ec64f7, EFLAGS=0x0000000000010202


Register to memory mapping:

RAX=0x0 is null
RBX=0x000002123847e36a is a global jni handle
RCX=0x0000021238471170 points into unknown readable memory: 0x00007ff881b250a0 | a0 50 b2 81 f8 7f 00 00
RDX=0x000000a7448fee40 points into unknown readable memory: 0x0000000000000000 | 00 00 00 00 00 00 00 00
RSP=0x000000a7448fee40 points into unknown readable memory: 0x0000000000000000 | 00 00 00 00 00 00 00 00
RBP=0x0000612da7e74bfa is an unknown value
RSI=0x0000021202b278c8 points into unknown readable memory: 0x0000612da7e74bfa | fa 4b e7 a7 2d 61 00 00
RDI=0x0000021202b278a0 points into unknown readable memory: 0x600060d245b4fb1f | 1f fb b4 45 d2 60 00 60
R8 =0x0000000000010002 is an unknown value
R9 =0x0000612da7e74bfa is an unknown value
R10=0x0000021216d40000 points into unknown readable memory: 0x0000000000000000 | 00 00 00 00 00 00 00 00
R11=0x000000a7448fef28 points into unknown readable memory: 0x00007ff894ec3ccd | cd 3c ec 94 f8 7f 00 00
R12=0x0000000000000001 is an unknown value
R13=0x00007ff894ec3e40 points into unknown readable memory: 0x74894808245c8948 | 48 89 5c 24 08 48 89 74
R14=0x000000a7448fef48 points into unknown readable memory: 0x000000a7448fef30 | 30 ef 8f 44 a7 00 00 00
R15=0x0000021202b278a0 points into unknown readable memory: 0x600060d245b4fb1f | 1f fb b4 45 d2 60 00 60

Top of Stack: (sp=0x000000a7448fee40)
0x000000a7448fee40:   0000000000000000 0000021200000000
0x000000a7448fee50:   0000021202be76a0 0000000000000001
0x000000a7448fee60:   0000021202b278a8 00007ff8dcb8bc75
0x000000a7448fee70:   0000021202b278a0 0000021200000000
0x000000a7448fee80:   0000021202b278c0 0000612da7e74bfa
0x000000a7448fee90:   fffffffffffffffe 00000000000000a7
0x000000a7448feea0:   00007ff894ea0000 00007ff894ea0000
0x000000a7448feeb0:   000000a7448fef38 00007ff8dcb8b897
0x000000a7448feec0:   000000a7448fef00 000000a7448fef48
0x000000a7448feed0:   000000a7448ff200 00007ff8dcc788c0
0x000000a7448feee0:   0000000000000001 00007ff8dcb8b84d
0x000000a7448feef0:   0000000000000000 0000000000000001
0x000000a7448fef00:   00007ff8dbc57000 000000a7448fef38
0x000000a7448fef10:   fffffffffffffffe 00007ff8df2b90d5
0x000000a7448fef20:   0000021216e60000 00007ff894ec3ccd
0x000000a7448fef30:   00007ff894eda008 00007ff800000002
0x000000a7448fef40:   00007ff800000002 000000a7448fef30
0x000000a7448fef50:   0000000000000000 00007ff8df23311f
0x000000a7448fef60:   0000000000000000 00007ff894ec3df2
0x000000a7448fef70:   0000000000000001 0000000000000000
0x000000a7448fef80:   0000000000000000 0000000000000000
0x000000a7448fef90:   0000000000000000 0000000000000000
0x000000a7448fefa0:   0000000000000001 0000000000000000
0x000000a7448fefb0:   0000000000000000 000000007ffe0384
0x000000a7448fefc0:   0000021202c0a270 00007ff8df2329e1
0x000000a7448fefd0:   00007ff894ea0000 0000021200000000
0x000000a7448fefe0:   0000000000000001 000000007ffe0385
0x000000a7448feff0:   0000000000000000 0000000000000000
0x000000a7448ff000:   0000000000000000 0000000000000000
0x000000a7448ff010:   00007ff894ec3e40 0000000000000000
0x000000a7448ff020:   0000000000000001 0000000000000000
0x000000a7448ff030:   000000a743c88000 00007ff8df1fdc2f 

Instructions: (pc=0x00007ff894ec64f7)
0x00007ff894ec63f7:   8b 4d 58 e8 8d cf ff ff 48 8b 4d 60 e8 84 cf ff
0x00007ff894ec6407:   ff 48 8b 95 80 00 00 00 48 8b 8d 18 01 00 00 e8
0x00007ff894ec6417:   76 c4 ff ff 33 d2 33 c9 e8 cc e1 ff ff 90 48 89
0x00007ff894ec6427:   54 24 10 55 48 83 ec 20 48 8b ea 48 b8 00 00 00
0x00007ff894ec6437:   00 00 00 00 00 48 83 c4 20 5d c3 cc 40 55 48 8b
0x00007ff894ec6447:   ea 48 8b 01 33 c9 81 38 05 00 00 c0 0f 94 c1 8b
0x00007ff894ec6457:   c1 5d c3 cc 40 55 48 83 ec 20 48 8b ea 8a 4d 40
0x00007ff894ec6467:   48 83 c4 20 5d e9 73 d3 ff ff cc 40 55 48 83 ec
0x00007ff894ec6477:   20 48 8b ea 8a 4d 20 e8 61 d3 ff ff 90 48 83 c4
0x00007ff894ec6487:   20 5d c3 cc 40 55 48 83 ec 20 48 8b ea 48 83 c4
0x00007ff894ec6497:   20 5d e9 c2 d1 ff ff cc 40 55 48 83 ec 30 48 8b
0x00007ff894ec64a7:   ea 48 8b 01 8b 10 48 89 4c 24 28 89 54 24 20 4c
0x00007ff894ec64b7:   8d 0d 63 d6 ff ff 4c 8b 45 70 8b 55 68 48 8b 4d
0x00007ff894ec64c7:   60 e8 03 d1 ff ff 90 48 83 c4 30 5d c3 cc cc cc
0x00007ff894ec64d7:   cc cc cc cc cc cc cc cc cc 40 53 48 83 ec 20 48
0x00007ff894ec64e7:   8b 1d 1b 35 01 00 48 85 db 74 16 e8 89 8f ff ff
0x00007ff894ec64f7:   4c 8b 00 48 8b d3 48 8b c8 41 ff 90 b0 00 00 00
0x00007ff894ec6507:   90 48 83 c4 20 5b c3 cc cc 40 53 48 83 ec 20 48
0x00007ff894ec6517:   8b 1d 8b 36 01 00 48 85 db 74 57 b8 ff ff ff ff
0x00007ff894ec6527:   f0 0f c1 43 10 83 f8 01 75 3d 48 85 db 74 38 48
0x00007ff894ec6537:   8b 0b 48 85 c9 74 0d ff 15 64 0d 00 00 48 c7 03
0x00007ff894ec6547:   00 00 00 00 48 8b 4b 08 48 85 c9 74 0d e8 33 ce
0x00007ff894ec6557:   ff ff 48 c7 43 08 00 00 00 00 ba 18 00 00 00 48
0x00007ff894ec6567:   8b cb e8 1e ce ff ff 48 c7 05 2f 36 01 00 00 00
0x00007ff894ec6577:   00 00 48 83 c4 20 5b c3 cc 40 53 48 83 ec 20 48
0x00007ff894ec6587:   8b 1d fb 35 01 00 48 85 db 74 57 b8 ff ff ff ff
0x00007ff894ec6597:   f0 0f c1 43 10 83 f8 01 75 3d 48 85 db 74 38 48
0x00007ff894ec65a7:   8b 0b 48 85 c9 74 0d ff 15 f4 0c 00 00 48 c7 03
0x00007ff894ec65b7:   00 00 00 00 48 8b 4b 08 48 85 c9 74 0d e8 c3 cd
0x00007ff894ec65c7:   ff ff 48 c7 43 08 00 00 00 00 ba 18 00 00 00 48
0x00007ff894ec65d7:   8b cb e8 ae cd ff ff 48 c7 05 9f 35 01 00 00 00
0x00007ff894ec65e7:   00 00 48 83 c4 20 5b c3 cc 40 53 48 83 ec 20 48 


Stack slot to memory mapping:

stack at sp + 0 slots: 0x0 is null
stack at sp + 1 slots: 0x0000021200000000 points into unknown readable memory: 0x0000002078746341 | 41 63 74 78 20 00 00 00
stack at sp + 2 slots: 0x0000021202be76a0 points into unknown readable memory: 0x0000021202be73d0 | d0 73 be 02 12 02 00 00
stack at sp + 3 slots: 0x0000000000000001 is an unknown value
stack at sp + 4 slots: 0x0000021202b278a8 points into unknown readable memory: 0x0000612da7e74bfa | fa 4b e7 a7 2d 61 00 00
stack at sp + 5 slots: 0x00007ff8dcb8bc75 ucrtbase.dll
stack at sp + 6 slots: 0x0000021202b278a0 points into unknown readable memory: 0x600060d245b4fb1f | 1f fb b4 45 d2 60 00 60
stack at sp + 7 slots: 0x0000021200000000 points into unknown readable memory: 0x0000002078746341 | 41 63 74 78 20 00 00 00

VM_Operation (0x000000a743eff0d0): Exit, mode: safepoint, requested by thread 0x0000021208f6c230


---------------  P R O C E S S  ---------------

Threads class SMR info:
_java_thread_list=0x000002127e8e9b80, length=31, elements={
0x0000021216e9aa20, 0x000002123848b600, 0x000002123848c260, 0x000002127e007ac0,
0x000002127e00aef0, 0x000002127e00b950, 0x000002127e0147d0, 0x000002127e0357d0,
0x000002127e043120, 0x000002127e1305e0, 0x000002127e342ce0, 0x000002127e3d94f0,
0x000002127e411140, 0x000002127ebfe850, 0x000002127fba84a0, 0x000002127f37b6d0,
0x000002127ea7ebb0, 0x000002127f6a1cc0, 0x000002127f4f4cf0, 0x000002127f4f5380,
0x000002127f4f1f00, 0x00000212030bc9e0, 0x00000212030bd070, 0x00000212030bf7d0,
0x00000212030c18a0, 0x00000212030c04f0, 0x00000212030c25c0, 0x00000212030c1f30,
0x00000212030c0b80, 0x0000021208f6f6b0, 0x0000021208f6c230
}

Java Threads: ( => current thread )
  0x0000021216e9aa20 JavaThread "main"                              [_thread_blocked, id=20180, stack(0x000000a744100000,0x000000a744200000) (1024K)]
  0x000002123848b600 JavaThread "Reference Handler"          daemon [_thread_blocked, id=14360, stack(0x000000a744900000,0x000000a744a00000) (1024K)]
  0x000002123848c260 JavaThread "Finalizer"                  daemon [_thread_blocked, id=30624, stack(0x000000a744a00000,0x000000a744b00000) (1024K)]
  0x000002127e007ac0 JavaThread "Signal Dispatcher"          daemon [_thread_blocked, id=28528, stack(0x000000a744b00000,0x000000a744c00000) (1024K)]
  0x000002127e00aef0 JavaThread "Attach Listener"            daemon [_thread_blocked, id=34072, stack(0x000000a744c00000,0x000000a744d00000) (1024K)]
  0x000002127e00b950 JavaThread "Service Thread"             daemon [_thread_blocked, id=18228, stack(0x000000a744d00000,0x000000a744e00000) (1024K)]
  0x000002127e0147d0 JavaThread "Monitor Deflation Thread"   daemon [_thread_blocked, id=21596, stack(0x000000a744e00000,0x000000a744f00000) (1024K)]
  0x000002127e0357d0 JavaThread "C2 CompilerThread0"         daemon [_thread_blocked, id=8572, stack(0x000000a744f00000,0x000000a745000000) (1024K)]
  0x000002127e043120 JavaThread "C1 CompilerThread0"         daemon [_thread_blocked, id=29764, stack(0x000000a745000000,0x000000a745100000) (1024K)]
  0x000002127e1305e0 JavaThread "Common-Cleaner"             daemon [_thread_blocked, id=28464, stack(0x000000a745200000,0x000000a745300000) (1024K)]
  0x000002127e342ce0 JavaThread "Monitor Ctrl-Break"         daemon [_thread_in_native, id=7404, stack(0x000000a745800000,0x000000a745900000) (1024K)]
  0x000002127e3d94f0 JavaThread "Notification Thread"        daemon [_thread_blocked, id=32248, stack(0x000000a745900000,0x000000a745a00000) (1024K)]
  0x000002127e411140 JavaThread "JavaFX-Launcher"                   [_thread_blocked, id=23828, stack(0x000000a745700000,0x000000a745800000) (1024K)]
  0x000002127ebfe850 JavaThread "RMI TCP Accept-0"           daemon [_thread_in_native, id=28836, stack(0x000000a745e00000,0x000000a745f00000) (1024K)]
  0x000002127fba84a0 JavaThread "RMI TCP Connection(1)-192.168.1.4" daemon [_thread_blocked, id=34968, stack(0x000000a745f00000,0x000000a746000000) (1024K)]
  0x000002127f37b6d0 JavaThread "RMI Scheduler(0)"           daemon [_thread_blocked, id=32096, stack(0x000000a746000000,0x000000a746100000) (1024K)]
  0x000002127ea7ebb0 JavaThread "QuantumRenderer-0"          daemon [_thread_blocked, id=13836, stack(0x000000a746100000,0x000000a746200000) (1024K)]
  0x000002127f6a1cc0 JavaThread "JMX server connection timeout 36" daemon [_thread_blocked, id=21040, stack(0x000000a746200000,0x000000a746300000) (1024K)]
  0x000002127f4f4cf0 JavaThread "InvokeLaterDispatcher"      daemon [_thread_blocked, id=2296, stack(0x000000a747000000,0x000000a747100000) (1024K)]
  0x000002127f4f5380 JavaThread "JavaFX Application Thread"         [_thread_in_native, id=22840, stack(0x000000a747100000,0x000000a747200000) (1024K)]
  0x000002127f4f1f00 JavaThread "Thread-2"                   daemon [_thread_in_native, id=28900, stack(0x000000a747300000,0x000000a747400000) (1024K)]
  0x00000212030bc9e0 JavaThread "OkHttp TaskRunner"          daemon [_thread_blocked, id=29956, stack(0x000000a747400000,0x000000a747500000) (1024K)]
  0x00000212030bd070 JavaThread "HttpClient-1-SelectorManager" daemon [_thread_blocked, id=2744, stack(0x000000a745c00000,0x000000a745d00000) (1024K)]
  0x00000212030bf7d0 JavaThread "HttpClient-2-SelectorManager" daemon [_thread_blocked, id=32316, stack(0x000000a747d00000,0x000000a747e00000) (1024K)]
  0x00000212030c18a0 JavaThread "Prism Font Disposer"        daemon [_thread_blocked, id=15056, stack(0x000000a748300000,0x000000a748400000) (1024K)]
  0x00000212030c04f0 JavaThread "pool-2-thread-1"                   [_thread_blocked, id=13764, stack(0x000000a748600000,0x000000a748700000) (1024K)]
  0x00000212030c25c0 JavaThread "pool-2-thread-2"                   [_thread_blocked, id=21116, stack(0x000000a748700000,0x000000a748800000) (1024K)]
  0x00000212030c1f30 JavaThread "pool-2-thread-3"                   [_thread_blocked, id=34872, stack(0x000000a748800000,0x000000a748900000) (1024K)]
  0x00000212030c0b80 JavaThread "Cleaner-0"                  daemon [_thread_blocked, id=15896, stack(0x000000a748900000,0x000000a748a00000) (1024K)]
  0x0000021208f6f6b0 JavaThread "HttpClient-3-SelectorManager" daemon [_thread_in_native, id=32688, stack(0x000000a748d00000,0x000000a748e00000) (1024K)]
  0x0000021208f6c230 JavaThread "SIGINT handler"             daemon [_thread_blocked, id=24220, stack(0x000000a743e00000,0x000000a743f00000) (1024K)]
Total: 31

Other Threads:
=>0x0000021238471170 VMThread "VM Thread"                           [id=28492, stack(0x000000a744800000,0x000000a744900000) (1024K)]
  0x0000021218996b10 WorkerThread "GC Thread#0"                     [id=12644, stack(0x000000a744200000,0x000000a744300000) (1024K)]
  0x000002127f93d330 WorkerThread "GC Thread#1"                     [id=22284, stack(0x000000a746700000,0x000000a746800000) (1024K)]
  0x000002127f93d6e0 WorkerThread "GC Thread#2"                     [id=29768, stack(0x000000a746800000,0x000000a746900000) (1024K)]
  0x000002127f93da90 WorkerThread "GC Thread#3"                     [id=10704, stack(0x000000a746900000,0x000000a746a00000) (1024K)]
  0x000002127ff02a70 WorkerThread "GC Thread#4"                     [id=2620, stack(0x000000a746a00000,0x000000a746b00000) (1024K)]
  0x000002127ff001e0 WorkerThread "GC Thread#5"                     [id=11952, stack(0x000000a746b00000,0x000000a746c00000) (1024K)]
  0x000002127ff031d0 WorkerThread "GC Thread#6"                     [id=25948, stack(0x000000a746c00000,0x000000a746d00000) (1024K)]
  0x000002127ff03580 WorkerThread "GC Thread#7"                     [id=10104, stack(0x000000a746d00000,0x000000a746e00000) (1024K)]
  0x000002127ff03930 WorkerThread "GC Thread#8"                     [id=480, stack(0x000000a746e00000,0x000000a746f00000) (1024K)]
  0x000002127ff01f60 WorkerThread "GC Thread#9"                     [id=13688, stack(0x000000a746f00000,0x000000a747000000) (1024K)]
  0x000002127ff00940 WorkerThread "GC Thread#10"                    [id=26416, stack(0x000000a745600000,0x000000a745700000) (1024K)]
  0x000002127ff026c0 WorkerThread "GC Thread#11"                    [id=17280, stack(0x000000a745a00000,0x000000a745b00000) (1024K)]
  0x000002127ff00cf0 WorkerThread "GC Thread#12"                    [id=8444, stack(0x000000a745b00000,0x000000a745c00000) (1024K)]
  0x00000212189a7590 ConcurrentGCThread "G1 Main Marker"            terminated
  0x00000212189a8ed0 WorkerThread "G1 Conc#0"                       [id=8736, stack(0x000000a744400000,0x000000a744500000) (1024K)]
  0x000002127ff010a0 WorkerThread "G1 Conc#1"                       [id=35184, stack(0x000000a747700000,0x000000a747800000) (1024K)]
  0x000002127ff02e20 WorkerThread "G1 Conc#2"                       [id=21124, stack(0x000000a747800000,0x000000a747900000) (1024K)]
  0x00000212189ee650 ConcurrentGCThread "G1 Refine#0"               terminated
  0x00000212383270b0 ConcurrentGCThread "G1 Service"                terminated
Total: 20

Threads with active compile tasks:
Total: 0

VM state: at safepoint (shutting down)

VM Mutex/Monitor currently owned by a thread:  ([mutex/lock_event])
[0x00007ff881cfcb80] Threads_lock - owner thread: 0x0000021238471170
[0x00007ff881cfcc80] Heap_lock - owner thread: 0x0000021208f6c230

Heap address: 0x0000000704800000, size: 4024 MB, Compressed Oops mode: Zero based, Oop shift amount: 3

CDS archive(s) mapped at: [0x0000021239000000-0x0000021239c60000-0x0000021239c60000), size 12976128, SharedBaseAddress: 0x0000021239000000, ArchiveRelocationMode: 1.
Compressed class space mapped at: 0x000002123a000000-0x000002127a000000, reserved size: 1073741824
Narrow klass base: 0x0000021239000000, Narrow klass shift: 0, Narrow klass range: 0x41000000

GC Precious Log:
 CardTable entry size: 512
 Card Set container configuration: InlinePtr #cards 4 size 8 Array Of Cards #cards 16 size 48 Howl #buckets 8 coarsen threshold 3686 Howl Bitmap #cards 512 size 80 coarsen threshold 460 Card regions per heap region 1 cards per card region 4096
 CPUs: 16 total, 16 available
 Memory: 16088M
 Large Page Support: Disabled
 NUMA Support: Disabled
 Compressed Oops: Enabled (Zero based)
 Heap Region Size: 2M
 Heap Min Capacity: 8M
 Heap Initial Capacity: 252M
 Heap Max Capacity: 4024M
 Pre-touch: Disabled
 Parallel Workers: 13
 Concurrent Workers: 3
 Concurrent Refinement Workers: 13
 Periodic GC: Disabled

Heap:
 garbage-first heap   total reserved 4120576K, committed 159744K, used 35624K [0x0000000704800000, 0x0000000800000000)
  region size 2048K, 6 young (12288K), 1 survivors (2048K)
 Metaspace       used 35637K, committed 36160K, reserved 1114112K
  class space    used 4591K, committed 4800K, reserved 1048576K

Heap Regions: E=young(eden), S=young(survivor), O=old, HS=humongous(starts), HC=humongous(continues), CS=collection set, F=free, TAMS=top-at-mark-start, PB=parsable bottom
|   0|0x0000000704800000, 0x0000000704a00000, 0x0000000704a00000|100%| O|  |TAMS 0x0000000704800000| PB 0x0000000704800000| Untracked |  0
|   1|0x0000000704a00000, 0x0000000704c00000, 0x0000000704c00000|100%| O|  |TAMS 0x0000000704a00000| PB 0x0000000704a00000| Untracked |  0
|   2|0x0000000704c00000, 0x0000000704e00000, 0x0000000704e00000|100%|HS|  |TAMS 0x0000000704c00000| PB 0x0000000704c00000| Complete |  0
|   3|0x0000000704e00000, 0x0000000705000000, 0x0000000705000000|100%| O|  |TAMS 0x0000000704e00000| PB 0x0000000704e00000| Untracked |  0
|   4|0x0000000705000000, 0x0000000705200000, 0x0000000705200000|100%| O|  |TAMS 0x0000000705000000| PB 0x0000000705000000| Untracked |  0
|   5|0x0000000705200000, 0x0000000705400000, 0x0000000705400000|100%| O|  |TAMS 0x0000000705200000| PB 0x0000000705200000| Untracked |  0
|   6|0x0000000705400000, 0x0000000705600000, 0x0000000705600000|100%| O|  |TAMS 0x0000000705400000| PB 0x0000000705400000| Untracked |  0
|   7|0x0000000705600000, 0x0000000705800000, 0x0000000705800000|100%| O|  |TAMS 0x0000000705600000| PB 0x0000000705600000| Untracked |  0
|   8|0x0000000705800000, 0x0000000705800000, 0x0000000705a00000|  0%| F|  |TAMS 0x0000000705800000| PB 0x0000000705800000| Untracked |  0
|   9|0x0000000705a00000, 0x0000000705c00000, 0x0000000705c00000|100%| O|  |TAMS 0x0000000705a00000| PB 0x0000000705a00000| Untracked |  0
|  10|0x0000000705c00000, 0x0000000705e00000, 0x0000000705e00000|100%| O|  |TAMS 0x0000000705c00000| PB 0x0000000705c00000| Untracked |  0
|  11|0x0000000705e00000, 0x0000000706000000, 0x0000000706000000|100%| O|Cm|TAMS 0x0000000705e00000| PB 0x0000000705e00000| Complete |  0
|  12|0x0000000706000000, 0x0000000706000000, 0x0000000706200000|  0%| F|  |TAMS 0x0000000706000000| PB 0x0000000706000000| Untracked |  0
|  13|0x0000000706200000, 0x00000007062ca038, 0x0000000706400000| 39%| O|  |TAMS 0x0000000706200000| PB 0x0000000706200000| Untracked |  0
|  14|0x0000000706400000, 0x0000000706600000, 0x0000000706600000|100%| O|  |TAMS 0x0000000706400000| PB 0x0000000706400000| Untracked |  0
|  15|0x0000000706600000, 0x0000000706600000, 0x0000000706800000|  0%| F|  |TAMS 0x0000000706600000| PB 0x0000000706600000| Untracked |  0
|  16|0x0000000706800000, 0x0000000706800000, 0x0000000706a00000|  0%| F|  |TAMS 0x0000000706800000| PB 0x0000000706800000| Untracked |  0
|  17|0x0000000706a00000, 0x0000000706a00000, 0x0000000706c00000|  0%| F|  |TAMS 0x0000000706a00000| PB 0x0000000706a00000| Untracked |  0
|  18|0x0000000706c00000, 0x0000000706c00000, 0x0000000706e00000|  0%| F|  |TAMS 0x0000000706c00000| PB 0x0000000706c00000| Untracked |  0
|  19|0x0000000706e00000, 0x0000000706e00000, 0x0000000707000000|  0%| F|  |TAMS 0x0000000706e00000| PB 0x0000000706e00000| Untracked |  0
|  20|0x0000000707000000, 0x0000000707000000, 0x0000000707200000|  0%| F|  |TAMS 0x0000000707000000| PB 0x0000000707000000| Untracked |  0
|  21|0x0000000707200000, 0x0000000707400000, 0x0000000707400000|100%| S|CS|TAMS 0x0000000707200000| PB 0x0000000707200000| Complete |  0
|  22|0x0000000707400000, 0x0000000707400000, 0x0000000707600000|  0%| F|  |TAMS 0x0000000707400000| PB 0x0000000707400000| Untracked |  0
|  23|0x0000000707600000, 0x0000000707600000, 0x0000000707800000|  0%| F|  |TAMS 0x0000000707600000| PB 0x0000000707600000| Untracked |  0
|  24|0x0000000707800000, 0x0000000707800000, 0x0000000707a00000|  0%| F|  |TAMS 0x0000000707800000| PB 0x0000000707800000| Untracked |  0
|  25|0x0000000707a00000, 0x0000000707a00000, 0x0000000707c00000|  0%| F|  |TAMS 0x0000000707a00000| PB 0x0000000707a00000| Untracked |  0
|  26|0x0000000707c00000, 0x0000000707c00000, 0x0000000707e00000|  0%| F|  |TAMS 0x0000000707c00000| PB 0x0000000707c00000| Untracked |  0
|  27|0x0000000707e00000, 0x0000000707e00000, 0x0000000708000000|  0%| F|  |TAMS 0x0000000707e00000| PB 0x0000000707e00000| Untracked |  0
|  28|0x0000000708000000, 0x0000000708000000, 0x0000000708200000|  0%| F|  |TAMS 0x0000000708000000| PB 0x0000000708000000| Untracked |  0
|  29|0x0000000708200000, 0x0000000708200000, 0x0000000708400000|  0%| F|  |TAMS 0x0000000708200000| PB 0x0000000708200000| Untracked |  0
|  30|0x0000000708400000, 0x0000000708400000, 0x0000000708600000|  0%| F|  |TAMS 0x0000000708400000| PB 0x0000000708400000| Untracked |  0
|  31|0x0000000708600000, 0x0000000708600000, 0x0000000708800000|  0%| F|  |TAMS 0x0000000708600000| PB 0x0000000708600000| Untracked |  0
|  32|0x0000000708800000, 0x0000000708800000, 0x0000000708a00000|  0%| F|  |TAMS 0x0000000708800000| PB 0x0000000708800000| Untracked |  0
|  33|0x0000000708a00000, 0x0000000708a00000, 0x0000000708c00000|  0%| F|  |TAMS 0x0000000708a00000| PB 0x0000000708a00000| Untracked |  0
|  34|0x0000000708c00000, 0x0000000708c00000, 0x0000000708e00000|  0%| F|  |TAMS 0x0000000708c00000| PB 0x0000000708c00000| Untracked |  0
|  35|0x0000000708e00000, 0x0000000708e00000, 0x0000000709000000|  0%| F|  |TAMS 0x0000000708e00000| PB 0x0000000708e00000| Untracked |  0
|  36|0x0000000709000000, 0x0000000709000000, 0x0000000709200000|  0%| F|  |TAMS 0x0000000709000000| PB 0x0000000709000000| Untracked |  0
|  37|0x0000000709200000, 0x0000000709200000, 0x0000000709400000|  0%| F|  |TAMS 0x0000000709200000| PB 0x0000000709200000| Untracked |  0
|  38|0x0000000709400000, 0x0000000709400000, 0x0000000709600000|  0%| F|  |TAMS 0x0000000709400000| PB 0x0000000709400000| Untracked |  0
|  39|0x0000000709600000, 0x0000000709600000, 0x0000000709800000|  0%| F|  |TAMS 0x0000000709600000| PB 0x0000000709600000| Untracked |  0
|  40|0x0000000709800000, 0x0000000709800000, 0x0000000709a00000|  0%| F|  |TAMS 0x0000000709800000| PB 0x0000000709800000| Untracked |  0
|  41|0x0000000709a00000, 0x0000000709a00000, 0x0000000709c00000|  0%| F|  |TAMS 0x0000000709a00000| PB 0x0000000709a00000| Untracked |  0
|  42|0x0000000709c00000, 0x0000000709c00000, 0x0000000709e00000|  0%| F|  |TAMS 0x0000000709c00000| PB 0x0000000709c00000| Untracked |  0
|  43|0x0000000709e00000, 0x0000000709e00000, 0x000000070a000000|  0%| F|  |TAMS 0x0000000709e00000| PB 0x0000000709e00000| Untracked |  0
|  44|0x000000070a000000, 0x000000070a000000, 0x000000070a200000|  0%| F|  |TAMS 0x000000070a000000| PB 0x000000070a000000| Untracked |  0
|  45|0x000000070a200000, 0x000000070a200000, 0x000000070a400000|  0%| F|  |TAMS 0x000000070a200000| PB 0x000000070a200000| Untracked |  0
|  46|0x000000070a400000, 0x000000070a400000, 0x000000070a600000|  0%| F|  |TAMS 0x000000070a400000| PB 0x000000070a400000| Untracked |  0
|  47|0x000000070a600000, 0x000000070a600000, 0x000000070a800000|  0%| F|  |TAMS 0x000000070a600000| PB 0x000000070a600000| Untracked |  0
|  48|0x000000070a800000, 0x000000070a800000, 0x000000070aa00000|  0%| F|  |TAMS 0x000000070a800000| PB 0x000000070a800000| Untracked |  0
|  49|0x000000070aa00000, 0x000000070aa00000, 0x000000070ac00000|  0%| F|  |TAMS 0x000000070aa00000| PB 0x000000070aa00000| Untracked |  0
|  50|0x000000070ac00000, 0x000000070ac00000, 0x000000070ae00000|  0%| F|  |TAMS 0x000000070ac00000| PB 0x000000070ac00000| Untracked |  0
|  51|0x000000070ae00000, 0x000000070ae00000, 0x000000070b000000|  0%| F|  |TAMS 0x000000070ae00000| PB 0x000000070ae00000| Untracked |  0
|  52|0x000000070b000000, 0x000000070b000000, 0x000000070b200000|  0%| F|  |TAMS 0x000000070b000000| PB 0x000000070b000000| Untracked |  0
|  53|0x000000070b200000, 0x000000070b200000, 0x000000070b400000|  0%| F|  |TAMS 0x000000070b200000| PB 0x000000070b200000| Untracked |  0
|  54|0x000000070b400000, 0x000000070b400000, 0x000000070b600000|  0%| F|  |TAMS 0x000000070b400000| PB 0x000000070b400000| Untracked |  0
|  55|0x000000070b600000, 0x000000070b600000, 0x000000070b800000|  0%| F|  |TAMS 0x000000070b600000| PB 0x000000070b600000| Untracked |  0
|  56|0x000000070b800000, 0x000000070b800000, 0x000000070ba00000|  0%| F|  |TAMS 0x000000070b800000| PB 0x000000070b800000| Untracked |  0
|  57|0x000000070ba00000, 0x000000070ba00000, 0x000000070bc00000|  0%| F|  |TAMS 0x000000070ba00000| PB 0x000000070ba00000| Untracked |  0
|  58|0x000000070bc00000, 0x000000070bc00000, 0x000000070be00000|  0%| F|  |TAMS 0x000000070bc00000| PB 0x000000070bc00000| Untracked |  0
|  59|0x000000070be00000, 0x000000070be00000, 0x000000070c000000|  0%| F|  |TAMS 0x000000070be00000| PB 0x000000070be00000| Untracked |  0
|  60|0x000000070c000000, 0x000000070c000000, 0x000000070c200000|  0%| F|  |TAMS 0x000000070c000000| PB 0x000000070c000000| Untracked |  0
|  61|0x000000070c200000, 0x000000070c200000, 0x000000070c400000|  0%| F|  |TAMS 0x000000070c200000| PB 0x000000070c200000| Untracked |  0
|  62|0x000000070c400000, 0x000000070c400000, 0x000000070c600000|  0%| F|  |TAMS 0x000000070c400000| PB 0x000000070c400000| Untracked |  0
|  63|0x000000070c600000, 0x000000070c600000, 0x000000070c800000|  0%| F|  |TAMS 0x000000070c600000| PB 0x000000070c600000| Untracked |  0
|  64|0x000000070c800000, 0x000000070c800000, 0x000000070ca00000|  0%| F|  |TAMS 0x000000070c800000| PB 0x000000070c800000| Untracked |  0
|  65|0x000000070ca00000, 0x000000070ca00000, 0x000000070cc00000|  0%| F|  |TAMS 0x000000070ca00000| PB 0x000000070ca00000| Untracked |  0
|  66|0x000000070cc00000, 0x000000070cc00000, 0x000000070ce00000|  0%| F|  |TAMS 0x000000070cc00000| PB 0x000000070cc00000| Untracked |  0
|  67|0x000000070ce00000, 0x000000070ce00000, 0x000000070d000000|  0%| F|  |TAMS 0x000000070ce00000| PB 0x000000070ce00000| Untracked |  0
|  68|0x000000070d000000, 0x000000070d000000, 0x000000070d200000|  0%| F|  |TAMS 0x000000070d000000| PB 0x000000070d000000| Untracked |  0
|  69|0x000000070d200000, 0x000000070d200000, 0x000000070d400000|  0%| F|  |TAMS 0x000000070d200000| PB 0x000000070d200000| Untracked |  0
|  70|0x000000070d400000, 0x000000070d400000, 0x000000070d600000|  0%| F|  |TAMS 0x000000070d400000| PB 0x000000070d400000| Untracked |  0
|  71|0x000000070d600000, 0x000000070d600000, 0x000000070d800000|  0%| F|  |TAMS 0x000000070d600000| PB 0x000000070d600000| Untracked |  0
|  72|0x000000070d800000, 0x000000070d800000, 0x000000070da00000|  0%| F|  |TAMS 0x000000070d800000| PB 0x000000070d800000| Untracked |  0
|  73|0x000000070da00000, 0x000000070db5e428, 0x000000070dc00000| 68%| E|  |TAMS 0x000000070da00000| PB 0x000000070da00000| Complete |  0
| 120|0x0000000713800000, 0x0000000713a00000, 0x0000000713a00000|100%| E|CS|TAMS 0x0000000713800000| PB 0x0000000713800000| Complete |  0
| 121|0x0000000713a00000, 0x0000000713c00000, 0x0000000713c00000|100%| E|CS|TAMS 0x0000000713a00000| PB 0x0000000713a00000| Complete |  0
| 122|0x0000000713c00000, 0x0000000713e00000, 0x0000000713e00000|100%| E|CS|TAMS 0x0000000713c00000| PB 0x0000000713c00000| Complete |  0
| 125|0x0000000714200000, 0x0000000714400000, 0x0000000714400000|100%| E|CS|TAMS 0x0000000714200000| PB 0x0000000714200000| Complete |  0

Card table byte_map: [0x0000021231490000,0x0000021231c70000] _byte_map_base: 0x000002122dc6c000

Marking Bits: (CMBitMap*) 0x0000021218997130
 Bits: [0x0000021231c70000, 0x0000021235b50000)

Polling page: 0x0000021216e30000

Metaspace:

Usage:
  Non-class:     30.32 MB used.
      Class:      4.48 MB used.
       Both:     34.80 MB used.

Virtual space:
  Non-class space:       64.00 MB reserved,      30.62 MB ( 48%) committed,  1 nodes.
      Class space:        1.00 GB reserved,       4.69 MB ( <1%) committed,  1 nodes.
             Both:        1.06 GB reserved,      35.31 MB (  3%) committed. 

Chunk freelists:
   Non-Class:  630.00 KB
       Class:  11.29 MB
        Both:  11.90 MB

MaxMetaspaceSize: unlimited
CompressedClassSpaceSize: 1.00 GB
Initial GC threshold: 21.00 MB
Current GC threshold: 54.94 MB
CDS: on
 - commit_granule_bytes: 65536.
 - commit_granule_words: 8192.
 - virtual_space_node_default_size: 8388608.
 - enlarge_chunks_in_place: 1.
 - use_allocation_guard: 0.


Internal statistics:

num_allocs_failed_limit: 3.
num_arena_births: 654.
num_arena_deaths: 0.
num_vsnodes_births: 2.
num_vsnodes_deaths: 0.
num_space_committed: 565.
num_space_uncommitted: 0.
num_chunks_returned_to_freelist: 3.
num_chunks_taken_from_freelist: 1763.
num_chunk_merges: 3.
num_chunk_splits: 1180.
num_chunks_enlarged: 794.
num_inconsistent_stats: 0.

CodeHeap 'non-profiled nmethods': size=119168Kb used=2939Kb max_used=2939Kb free=116228Kb
 bounds [0x0000021228890000, 0x0000021228b70000, 0x000002122fcf0000]
CodeHeap 'profiled nmethods': size=119104Kb used=12937Kb max_used=12937Kb free=106167Kb
 bounds [0x0000021220cf0000, 0x00000212219a0000, 0x0000021228140000]
CodeHeap 'non-nmethods': size=7488Kb used=2007Kb max_used=3741Kb free=5480Kb
 bounds [0x0000021228140000, 0x0000021228500000, 0x0000021228890000]
 total_blobs=7162 nmethods=6188 adapters=876
 compilation: enabled
              stopped_count=0, restarted_count=0
 full_count=0

Compilation events (20 events):
Event: 109.321 Thread 0x000002127e0357d0 6511       4       java.io.ObjectStreamClass::forClass (52 bytes)
Event: 109.322 Thread 0x000002127e0357d0 nmethod 6511 0x0000021228b6ec90 code [0x0000021228b6ee20, 0x0000021228b6eef0]
Event: 109.728 Thread 0x000002127e043120 6512   !   3       sun.nio.ch.SelectorImpl::processDeregisterQueue (145 bytes)
Event: 109.730 Thread 0x000002127e043120 nmethod 6512 0x0000021221989d90 code [0x000002122198a020, 0x000002122198afb8]
Event: 109.730 Thread 0x000002127e043120 6513       3       java.util.AbstractMap::isEmpty (13 bytes)
Event: 109.730 Thread 0x000002127e043120 nmethod 6513 0x000002122198b690 code [0x000002122198b840, 0x000002122198ba58]
Event: 115.443 Thread 0x000002127e043120 6514   !   3       jdk.internal.net.http.HttpClientImpl::finished (58 bytes)
Event: 115.443 Thread 0x000002127e043120 nmethod 6514 0x000002122198bb10 code [0x000002122198bd20, 0x000002122198c508]
Event: 115.691 Thread 0x000002127e043120 6515   !   3       java.nio.DirectByteBuffer::put (37 bytes)
Event: 115.691 Thread 0x000002127e043120 nmethod 6515 0x000002122198c790 code [0x000002122198c9e0, 0x000002122198d378]
Event: 115.740 Thread 0x000002127e043120 6516   !   3       jdk.internal.net.http.HttpClientImpl::purgeTimeoutsAndReturnNextDeadline (326 bytes)
Event: 115.742 Thread 0x000002127e043120 nmethod 6516 0x000002122198d890 code [0x000002122198dce0, 0x0000021221990340]
Event: 115.742 Thread 0x000002127e043120 6517       3       java.util.TreeSet::isEmpty (10 bytes)
Event: 115.743 Thread 0x000002127e043120 nmethod 6517 0x0000021221991210 code [0x00000212219913c0, 0x00000212219915a0]
Event: 118.414 Thread 0x000002127e043120 6518       3       sun.nio.cs.StreamEncoder::ensureOpen (18 bytes)
Event: 118.415 Thread 0x000002127e043120 nmethod 6518 0x0000021221991690 code [0x0000021221991840, 0x0000021221991a48]
Event: 118.415 Thread 0x000002127e043120 6519       3       java.util.Collections$3::hasMoreElements (10 bytes)
Event: 118.415 Thread 0x000002127e043120 nmethod 6519 0x0000021221991b10 code [0x0000021221991cc0, 0x0000021221991ea0]
Event: 118.415 Thread 0x000002127e043120 6520       3       java.util.Collections$3::nextElement (10 bytes)
Event: 118.415 Thread 0x000002127e043120 nmethod 6520 0x0000021221991f90 code [0x0000021221992140, 0x0000021221992320]

GC Heap History (16 events):
Event: 0.549 GC heap before
{Heap before GC invocations=0 (full 0):
 garbage-first heap   total reserved 4120576K, committed 258048K, used 22528K [0x0000000704800000, 0x0000000800000000)
  region size 2048K, 12 young (24576K), 0 survivors (0K)
 Metaspace       used 8066K, committed 8320K, reserved 1114112K
  class space    used 897K, committed 1024K, reserved 1048576K
}
Event: 0.554 GC heap after
{Heap after GC invocations=1 (full 0):
 garbage-first heap   total reserved 4120576K, committed 258048K, used 4321K [0x0000000704800000, 0x0000000800000000)
  region size 2048K, 2 young (4096K), 2 survivors (4096K)
 Metaspace       used 8066K, committed 8320K, reserved 1114112K
  class space    used 897K, committed 1024K, reserved 1048576K
}
Event: 1.325 GC heap before
{Heap before GC invocations=1 (full 0):
 garbage-first heap   total reserved 4120576K, committed 258048K, used 39137K [0x0000000704800000, 0x0000000800000000)
  region size 2048K, 20 young (40960K), 2 survivors (4096K)
 Metaspace       used 18480K, committed 18816K, reserved 1114112K
  class space    used 1898K, committed 2048K, reserved 1048576K
}
Event: 1.332 GC heap after
{Heap after GC invocations=2 (full 0):
 garbage-first heap   total reserved 4120576K, committed 258048K, used 8358K [0x0000000704800000, 0x0000000800000000)
  region size 2048K, 2 young (4096K), 2 survivors (4096K)
 Metaspace       used 18480K, committed 18816K, reserved 1114112K
  class space    used 1898K, committed 2048K, reserved 1048576K
}
Event: 1.443 GC heap before
{Heap before GC invocations=2 (full 0):
 garbage-first heap   total reserved 4120576K, committed 258048K, used 12454K [0x0000000704800000, 0x0000000800000000)
  region size 2048K, 5 young (10240K), 2 survivors (4096K)
 Metaspace       used 21187K, committed 21504K, reserved 1114112K
  class space    used 2238K, committed 2368K, reserved 1048576K
}
Event: 1.446 GC heap after
{Heap after GC invocations=3 (full 0):
 garbage-first heap   total reserved 4120576K, committed 258048K, used 9941K [0x0000000704800000, 0x0000000800000000)
  region size 2048K, 3 young (6144K), 3 survivors (6144K)
 Metaspace       used 21187K, committed 21504K, reserved 1114112K
  class space    used 2238K, committed 2368K, reserved 1048576K
}
Event: 1.912 GC heap before
{Heap before GC invocations=4 (full 0):
 garbage-first heap   total reserved 4120576K, committed 40960K, used 38613K [0x0000000704800000, 0x0000000800000000)
  region size 2048K, 17 young (34816K), 3 survivors (6144K)
 Metaspace       used 28309K, committed 28736K, reserved 1114112K
  class space    used 3515K, committed 3712K, reserved 1048576K
}
Event: 1.917 GC heap after
{Heap after GC invocations=5 (full 0):
 garbage-first heap   total reserved 4120576K, committed 49152K, used 12287K [0x0000000704800000, 0x0000000800000000)
  region size 2048K, 4 young (8192K), 4 survivors (8192K)
 Metaspace       used 28309K, committed 28736K, reserved 1114112K
  class space    used 3515K, committed 3712K, reserved 1048576K
}
Event: 2.347 GC heap before
{Heap before GC invocations=5 (full 0):
 garbage-first heap   total reserved 4120576K, committed 49152K, used 30719K [0x0000000704800000, 0x0000000800000000)
  region size 2048K, 14 young (28672K), 4 survivors (8192K)
 Metaspace       used 30898K, committed 31360K, reserved 1114112K
  class space    used 4083K, committed 4288K, reserved 1048576K
}
Event: 2.354 GC heap after
{Heap after GC invocations=6 (full 0):
 garbage-first heap   total reserved 4120576K, committed 49152K, used 14986K [0x0000000704800000, 0x0000000800000000)
  region size 2048K, 2 young (4096K), 2 survivors (4096K)
 Metaspace       used 30898K, committed 31360K, reserved 1114112K
  class space    used 4083K, committed 4288K, reserved 1048576K
}
Event: 3.923 GC heap before
{Heap before GC invocations=6 (full 0):
 garbage-first heap   total reserved 4120576K, committed 49152K, used 35466K [0x0000000704800000, 0x0000000800000000)
  region size 2048K, 12 young (24576K), 2 survivors (4096K)
 Metaspace       used 33035K, committed 33472K, reserved 1114112K
  class space    used 4340K, committed 4544K, reserved 1048576K
}
Event: 3.928 GC heap after
{Heap after GC invocations=7 (full 0):
 garbage-first heap   total reserved 4120576K, committed 49152K, used 23487K [0x0000000704800000, 0x0000000800000000)
  region size 2048K, 2 young (4096K), 2 survivors (4096K)
 Metaspace       used 33035K, committed 33472K, reserved 1114112K
  class space    used 4340K, committed 4544K, reserved 1048576K
}
Event: 3.968 GC heap before
{Heap before GC invocations=7 (full 0):
 garbage-first heap   total reserved 4120576K, committed 49152K, used 25535K [0x0000000704800000, 0x0000000800000000)
  region size 2048K, 4 young (8192K), 2 survivors (4096K)
 Metaspace       used 33181K, committed 33664K, reserved 1114112K
  class space    used 4358K, committed 4544K, reserved 1048576K
}
Event: 3.970 GC heap after
{Heap after GC invocations=8 (full 0):
 garbage-first heap   total reserved 4120576K, committed 49152K, used 26200K [0x0000000704800000, 0x0000000800000000)
  region size 2048K, 1 young (2048K), 1 survivors (2048K)
 Metaspace       used 33181K, committed 33664K, reserved 1114112K
  class space    used 4358K, committed 4544K, reserved 1048576K
}
Event: 5.880 GC heap before
{Heap before GC invocations=9 (full 0):
 garbage-first heap   total reserved 4120576K, committed 59392K, used 48728K [0x0000000704800000, 0x0000000800000000)
  region size 2048K, 7 young (14336K), 1 survivors (2048K)
 Metaspace       used 34459K, committed 34944K, reserved 1114112K
  class space    used 4512K, committed 4736K, reserved 1048576K
}
Event: 5.884 GC heap after
{Heap after GC invocations=10 (full 0):
 garbage-first heap   total reserved 4120576K, committed 159744K, used 27432K [0x0000000704800000, 0x0000000800000000)
  region size 2048K, 1 young (2048K), 1 survivors (2048K)
 Metaspace       used 34459K, committed 34944K, reserved 1114112K
  class space    used 4512K, committed 4736K, reserved 1048576K
}

Dll operation events (20 events):
Event: 0.375 Loaded shared library C:\Users\utente\.openjfx\cache\21.0.2+5\amd64\api-ms-win-crt-math-l1-1-0.dll
Event: 0.377 Loaded shared library C:\Users\utente\.openjfx\cache\21.0.2+5\amd64\api-ms-win-crt-multibyte-l1-1-0.dll
Event: 0.380 Loaded shared library C:\Users\utente\.openjfx\cache\21.0.2+5\amd64\api-ms-win-crt-private-l1-1-0.dll
Event: 0.382 Loaded shared library C:\Users\utente\.openjfx\cache\21.0.2+5\amd64\api-ms-win-crt-process-l1-1-0.dll
Event: 0.384 Loaded shared library C:\Users\utente\.openjfx\cache\21.0.2+5\amd64\api-ms-win-crt-runtime-l1-1-0.dll
Event: 0.386 Loaded shared library C:\Users\utente\.openjfx\cache\21.0.2+5\amd64\api-ms-win-crt-stdio-l1-1-0.dll
Event: 0.389 Loaded shared library C:\Users\utente\.openjfx\cache\21.0.2+5\amd64\api-ms-win-crt-string-l1-1-0.dll
Event: 0.391 Loaded shared library C:\Users\utente\.openjfx\cache\21.0.2+5\amd64\api-ms-win-crt-time-l1-1-0.dll
Event: 0.393 Loaded shared library C:\Users\utente\.openjfx\cache\21.0.2+5\amd64\api-ms-win-crt-utility-l1-1-0.dll
Event: 0.406 Loaded shared library C:\Users\utente\.openjfx\cache\21.0.2+5\amd64\ucrtbase.dll
Event: 0.410 Loaded shared library C:\Users\utente\.openjfx\cache\21.0.2+5\amd64\vcruntime140.dll
Event: 0.412 Loaded shared library C:\Users\utente\.openjfx\cache\21.0.2+5\amd64\vcruntime140_1.dll
Event: 0.420 Loaded shared library C:\Users\utente\.openjfx\cache\21.0.2+5\amd64\msvcp140.dll
Event: 0.424 Loaded shared library C:\Users\utente\.openjfx\cache\21.0.2+5\amd64\msvcp140_1.dll
Event: 0.430 Loaded shared library C:\Users\utente\.openjfx\cache\21.0.2+5\amd64\msvcp140_2.dll
Event: 0.473 Loaded shared library C:\Users\utente\.openjfx\cache\21.0.2+5\amd64\prism_d3d.dll
Event: 0.575 Loaded shared library C:\Users\utente\.openjfx\cache\21.0.2+5\amd64\glass.dll
Event: 0.752 Loaded shared library C:\Program Files\Java\jdk-22\bin\sunmscapi.dll
Event: 1.550 Loaded shared library C:\Users\utente\.openjfx\cache\21.0.2+5\amd64\javafx_font.dll
Event: 2.437 Loaded shared library C:\Users\utente\.openjfx\cache\21.0.2+5\amd64\javafx_iio.dll

Deoptimization events (20 events):
Event: 18.736 Thread 0x0000021208f6c230 Uncommon trap: trap_request=0xffffff45 fr.pc=0x0000021228a7cd30 relative=0x0000000000000990
Event: 18.736 Thread 0x0000021208f6c230 Uncommon trap: reason=unstable_if action=reinterpret pc=0x0000021228a7cd30 method=com.fasterxml.jackson.core.sym.CharsToNameCanonicalizer.findSymbol([CIII)Ljava/lang/String; @ 45 c2
Event: 18.736 Thread 0x0000021208f6c230 DEOPT PACKING pc=0x0000021228a7cd30 sp=0x000000a7454fedf0
Event: 18.736 Thread 0x0000021208f6c230 DEOPT UNPACKING pc=0x00000212281946a2 sp=0x000000a7454fed10 mode 2
Event: 18.737 Thread 0x0000021208f6c230 Uncommon trap: trap_request=0xffffff45 fr.pc=0x000002122890098c relative=0x000000000000050c
Event: 18.737 Thread 0x0000021208f6c230 Uncommon trap: reason=unstable_if action=reinterpret pc=0x000002122890098c method=com.fasterxml.jackson.core.sym.CharsToNameCanonicalizer.findSymbol([CIII)Ljava/lang/String; @ 45 c2
Event: 18.737 Thread 0x0000021208f6c230 DEOPT PACKING pc=0x000002122890098c sp=0x000000a7454fecc0
Event: 18.737 Thread 0x0000021208f6c230 DEOPT UNPACKING pc=0x00000212281946a2 sp=0x000000a7454fec78 mode 2
Event: 18.757 Thread 0x000002127f4f5380 DEOPT PACKING pc=0x00000212211102d9 sp=0x000000a7471faa50
Event: 18.757 Thread 0x000002127f4f5380 DEOPT UNPACKING pc=0x0000021228194e42 sp=0x000000a7471f9e98 mode 0
Event: 18.758 Thread 0x000002127f4f5380 DEOPT PACKING pc=0x000002122111160b sp=0x000000a7471faa50
Event: 18.758 Thread 0x000002127f4f5380 DEOPT UNPACKING pc=0x0000021228194e42 sp=0x000000a7471f9e98 mode 0
Event: 18.758 Thread 0x000002127f4f5380 Uncommon trap: trap_request=0xffffff45 fr.pc=0x000002122895eb98 relative=0x0000000000000c58
Event: 18.758 Thread 0x000002127f4f5380 Uncommon trap: reason=unstable_if action=reinterpret pc=0x000002122895eb98 method=com.sun.javafx.image.impl.BaseByteToByteConverter$FourByteReorderer.doConvert([BII[BIIII)V @ 31 c2
Event: 18.758 Thread 0x000002127f4f5380 DEOPT PACKING pc=0x000002122895eb98 sp=0x000000a7471faa10
Event: 18.758 Thread 0x000002127f4f5380 DEOPT UNPACKING pc=0x00000212281946a2 sp=0x000000a7471fa998 mode 2
Event: 118.414 Thread 0x0000021208f6fd40 Uncommon trap: trap_request=0xffffffcc fr.pc=0x00000212288c9bfc relative=0x000000000000033c
Event: 118.414 Thread 0x0000021208f6fd40 Uncommon trap: reason=intrinsic_or_type_checked_inlining action=make_not_entrant pc=0x00000212288c9bfc method=java.util.Arrays.copyOf([Ljava/lang/Object;ILjava/lang/Class;)[Ljava/lang/Object; @ 35 c2
Event: 118.414 Thread 0x0000021208f6fd40 DEOPT PACKING pc=0x00000212288c9bfc sp=0x000000a7440ff2f0
Event: 118.414 Thread 0x0000021208f6fd40 DEOPT UNPACKING pc=0x00000212281946a2 sp=0x000000a7440ff298 mode 2

Classes loaded (20 events):
Event: 2.545 Loading class java/lang/FdLibm$Atan2
Event: 2.545 Loading class java/lang/FdLibm$Atan2 done
Event: 2.545 Loading class java/lang/FdLibm$Atan
Event: 2.545 Loading class java/lang/FdLibm$Atan done
Event: 2.563 Loading class jdk/internal/ref/CleanerImpl$InnocuousThreadFactory
Event: 2.563 Loading class jdk/internal/ref/CleanerImpl$InnocuousThreadFactory done
Event: 2.571 Loading class sun/misc/Unsafe
Event: 2.572 Loading class sun/misc/Unsafe done
Event: 3.769 Loading class java/util/EnumMap$Values
Event: 3.769 Loading class java/util/EnumMap$Values done
Event: 3.769 Loading class java/util/EnumMap$ValueIterator
Event: 3.769 Loading class java/util/EnumMap$EnumMapIterator
Event: 3.769 Loading class java/util/EnumMap$EnumMapIterator done
Event: 3.769 Loading class java/util/EnumMap$ValueIterator done
Event: 4.676 Loading class java/util/LinkedList$DescendingIterator
Event: 4.677 Loading class java/util/LinkedList$DescendingIterator done
Event: 18.515 Loading class java/lang/invoke/DirectMethodHandle$Special
Event: 18.515 Loading class java/lang/invoke/DirectMethodHandle$Special done
Event: 118.411 Loading class jdk/internal/misc/Signal$1
Event: 118.412 Loading class jdk/internal/misc/Signal$1 done

Classes unloaded (0 events):
No events

Classes redefined (0 events):
No events

Internal exceptions (20 events):
Event: 2.081 Thread 0x00000212030bd700 Exception <a 'java/lang/NoSuchMethodError'{0x0000000706502d90}: 'java.lang.Object java.lang.invoke.DirectMethodHandle$Holder.newInvokeSpecial(java.lang.Object, java.lang.Object, java.lang.Object, java.lang.Object, java.lang.Object, java.lang.Object, java.lang.Object)'> (0x0000000706502d90) 
thrown [s\open\src\hotspot\share\interpreter\linkResolver.cpp, line 774]
Event: 2.209 Thread 0x000002127f4f5380 Exception <a 'java/io/FileNotFoundException'{0x000000070611e238}> (0x000000070611e238) 
thrown [s\open\src\hotspot\share\prims\jni.cpp, line 520]
Event: 2.209 Thread 0x000002127f4f5380 Exception <a 'java/io/FileNotFoundException'{0x000000070611f5d0}> (0x000000070611f5d0) 
thrown [s\open\src\hotspot\share\prims\jni.cpp, line 520]
Event: 2.212 Thread 0x000002127f4f5380 Exception <a 'java/io/FileNotFoundException'{0x00000007061f4b48}> (0x00000007061f4b48) 
thrown [s\open\src\hotspot\share\prims\jni.cpp, line 520]
Event: 2.212 Thread 0x000002127f4f5380 Exception <a 'java/io/FileNotFoundException'{0x00000007061f5ee0}> (0x00000007061f5ee0) 
thrown [s\open\src\hotspot\share\prims\jni.cpp, line 520]
Event: 2.219 Thread 0x000002127f4f5380 Exception <a 'java/lang/NoSuchMethodError'{0x0000000705ef4b48}: 'int java.lang.invoke.DirectMethodHandle$Holder.invokeSpecial(java.lang.Object, java.lang.Object, int)'> (0x0000000705ef4b48) 
thrown [s\open\src\hotspot\share\interpreter\linkResolver.cpp, line 774]
Event: 2.229 Thread 0x000002127f4f5380 Exception <a 'java/io/FileNotFoundException'{0x0000000705f1ca10}> (0x0000000705f1ca10) 
thrown [s\open\src\hotspot\share\prims\jni.cpp, line 520]
Event: 2.229 Thread 0x000002127f4f5380 Exception <a 'java/io/FileNotFoundException'{0x0000000705f2a9e0}> (0x0000000705f2a9e0) 
thrown [s\open\src\hotspot\share\prims\jni.cpp, line 520]
Event: 2.229 Thread 0x000002127f4f5380 Exception <a 'java/io/FileNotFoundException'{0x0000000705f2c040}> (0x0000000705f2c040) 
thrown [s\open\src\hotspot\share\prims\jni.cpp, line 520]
Event: 2.229 Thread 0x000002127f4f5380 Exception <a 'java/io/FileNotFoundException'{0x0000000705f2d688}> (0x0000000705f2d688) 
thrown [s\open\src\hotspot\share\prims\jni.cpp, line 520]
Event: 2.360 Thread 0x000002127f4f5380 Exception <a 'java/lang/NoSuchMethodError'{0x0000000714244bd8}: 'long java.lang.invoke.DirectMethodHandle$Holder.invokeStatic(java.lang.Object, java.lang.Object, java.lang.Object)'> (0x0000000714244bd8) 
thrown [s\open\src\hotspot\share\interpreter\linkResolver.cpp, line 774]
Event: 2.361 Thread 0x000002127f4f5380 Exception <a 'java/lang/NoSuchMethodError'{0x0000000714247fa8}: 'long java.lang.invoke.DirectMethodHandle$Holder.invokeStaticInit(java.lang.Object, java.lang.Object, java.lang.Object)'> (0x0000000714247fa8) 
thrown [s\open\src\hotspot\share\interpreter\linkResolver.cpp, line 774]
Event: 2.364 Thread 0x000002127f4f5380 Exception <a 'java/lang/NoSuchMethodError'{0x000000071425c8f8}: 'java.lang.Object java.lang.invoke.DirectMethodHandle$Holder.newInvokeSpecial(java.lang.Object, java.lang.Object, long)'> (0x000000071425c8f8) 
thrown [s\open\src\hotspot\share\interpreter\linkResolver.cpp, line 774]
Event: 2.615 Thread 0x000002127ea7ebb0 Exception <a 'java/lang/NoSuchMethodError'{0x0000000706a0c0a0}: 'java.lang.Object java.lang.invoke.DirectMethodHandle$Holder.invokeStaticInit(java.lang.Object, int)'> (0x0000000706a0c0a0) 
thrown [s\open\src\hotspot\share\interpreter\linkResolver.cpp, line 774]
Event: 3.944 Thread 0x000002127f4f5380 Exception <a 'java/lang/NoSuchMethodError'{0x000000071426c4c0}: 'java.lang.Object java.lang.invoke.DirectMethodHandle$Holder.newInvokeSpecial(java.lang.Object, java.lang.Object, java.lang.Object, java.lang.Object, java.lang.Object, java.lang.Object, java.lang.Object, java.lang.Object, java.lang.Object, java.lang.Object, java.lang.Object, java.lang.Object)'> (0x000000071426c4c0) 
thrown [s\open\src\hotspot\share\interpreter\linkResolver.cpp, line 774]
Event: 3.946 Thread 0x000002127f4f5380 Exception <a 'java/lang/NoSuchMethodError'{0x0000000714275680}: 'java.lang.Object java.lang.invoke.Invokers$Holder.linkToTargetMethod(java.lang.Object, java.lang.Object, java.lang.Object, java.lang.Object, java.lang.Object, java.lang.Object, java.lang.Object, java.lang.Object, java.lang.Object, java.lang.Object, java.lang.Object, java.lang.Object)'> (0x0000000714275680) 
thrown [s\open\src\hotspot\share\interpreter\linkResolver.cpp, line 774]
Event: 3.951 Thread 0x000002127f4f5380 Exception <a 'java/io/FileNotFoundException'{0x000000071428dd90}> (0x000000071428dd90) 
thrown [s\open\src\hotspot\share\prims\jni.cpp, line 520]
Event: 4.031 Thread 0x000002127f4f5380 Implicit null exception at 0x0000021228a52d7e to 0x0000021228a52e74
Event: 18.736 Thread 0x0000021208f6c230 Implicit null exception at 0x0000021228a7c616 to 0x0000021228a7cd00
Event: 18.737 Thread 0x0000021208f6c230 Implicit null exception at 0x0000021228900527 to 0x0000021228900958

ZGC Phase Switch (0 events):
No events

VM Operations (20 events):
Event: 56.989 Executing VM operation: Cleanup done
Event: 60.050 Executing VM operation: HandshakeAllThreads (HandshakeForDeflation)
Event: 60.050 Executing VM operation: HandshakeAllThreads (HandshakeForDeflation) done
Event: 60.050 Executing VM operation: RendezvousGCThreads
Event: 60.050 Executing VM operation: RendezvousGCThreads done
Event: 64.093 Executing VM operation: Cleanup
Event: 64.093 Executing VM operation: Cleanup done
Event: 83.248 Executing VM operation: Cleanup
Event: 83.248 Executing VM operation: Cleanup done
Event: 84.261 Executing VM operation: Cleanup
Event: 84.261 Executing VM operation: Cleanup done
Event: 90.308 Executing VM operation: Cleanup
Event: 90.308 Executing VM operation: Cleanup done
Event: 91.309 Executing VM operation: Cleanup
Event: 91.309 Executing VM operation: Cleanup done
Event: 92.322 Executing VM operation: Cleanup
Event: 92.322 Executing VM operation: Cleanup done
Event: 117.533 Executing VM operation: Cleanup
Event: 117.533 Executing VM operation: Cleanup done
Event: 118.415 Executing VM operation: Exit

Memory protections (0 events):
No events

Nmethod flushes (20 events):
Event: 3.979 Thread 0x0000021238471170 flushing  nmethod 0x0000021220cf2890
Event: 3.979 Thread 0x0000021238471170 flushing  nmethod 0x0000021220cf4790
Event: 3.979 Thread 0x0000021238471170 flushing  nmethod 0x0000021220cf5590
Event: 3.979 Thread 0x0000021238471170 flushing  nmethod 0x0000021220cf5a10
Event: 3.979 Thread 0x0000021238471170 flushing  nmethod 0x0000021220cf5d90
Event: 3.979 Thread 0x0000021238471170 flushing  nmethod 0x0000021220d35e10
Event: 3.979 Thread 0x0000021238471170 flushing  nmethod 0x0000021220d36e90
Event: 3.979 Thread 0x0000021238471170 flushing  nmethod 0x0000021220d38690
Event: 3.979 Thread 0x0000021238471170 flushing  nmethod 0x0000021220d3b990
Event: 3.979 Thread 0x0000021238471170 flushing  nmethod 0x0000021220d3bf10
Event: 3.979 Thread 0x0000021238471170 flushing  nmethod 0x0000021220d3d110
Event: 3.979 Thread 0x0000021238471170 flushing  nmethod 0x0000021220d74710
Event: 3.979 Thread 0x0000021238471170 flushing  nmethod 0x0000021220d75990
Event: 3.979 Thread 0x0000021238471170 flushing  nmethod 0x0000021220d78710
Event: 3.979 Thread 0x0000021238471170 flushing  nmethod 0x0000021220d79010
Event: 3.979 Thread 0x0000021238471170 flushing  nmethod 0x0000021220d7a010
Event: 3.979 Thread 0x0000021238471170 flushing  nmethod 0x0000021220d7ac90
Event: 3.979 Thread 0x0000021238471170 flushing  nmethod 0x0000021220e31110
Event: 3.979 Thread 0x0000021238471170 flushing  nmethod 0x0000021220e9eb90
Event: 3.979 Thread 0x0000021238471170 flushing  nmethod 0x0000021220f18590

Events (20 events):
Event: 18.527 Thread 0x0000021208f6f6b0 Thread added: 0x0000021208f6cf50
Event: 18.527 Thread 0x0000021208f6f6b0 Thread added: 0x0000021208f6c8c0
Event: 18.761 Thread 0x000002127e1b3a10 Thread added: 0x0000021208c232b0
Event: 18.927 Thread 0x0000021208c232b0 Thread exited: 0x0000021208c232b0
Event: 20.770 Thread 0x000002127e1b3a10 Thread exited: 0x000002127e1b3a10
Event: 21.835 Thread 0x000002127e1238f0 Thread exited: 0x000002127e1238f0
Event: 22.738 Thread 0x0000021208f6c230 Thread exited: 0x0000021208f6c230
Event: 26.738 Thread 0x0000021208f6f020 Thread exited: 0x0000021208f6f020
Event: 61.499 Thread 0x00000212030be420 Thread exited: 0x00000212030be420
Event: 61.685 Thread 0x00000212030beab0 Thread exited: 0x00000212030beab0
Event: 61.685 Thread 0x00000212030bbcc0 Thread exited: 0x00000212030bbcc0
Event: 78.733 Thread 0x0000021208f6c8c0 Thread exited: 0x0000021208f6c8c0
Event: 78.733 Thread 0x0000021208f6cf50 Thread exited: 0x0000021208f6cf50
Event: 93.986 Thread 0x00000212030bf140 Thread exited: 0x00000212030bf140
Event: 118.412 Thread 0x000002127e007ac0 Thread added: 0x0000021208f6c230
Event: 118.413 Thread 0x0000021208f6c230 Thread added: 0x0000021208f6d5e0
Event: 118.413 Thread 0x0000021208f6c230 Thread added: 0x0000021208f6fd40
Event: 118.414 Thread 0x0000021208f6fd40 Thread exited: 0x0000021208f6fd40
Event: 118.415 Thread 0x0000021208f6d5e0 Thread exited: 0x0000021208f6d5e0
Event: 118.415 Thread 0x0000021208f6c230 Before exit entered


Dynamic libraries:
0x00007ff7a4d80000 - 0x00007ff7a4d90000 	C:\Program Files\Java\jdk-22\bin\java.exe
0x00007ff8df1c0000 - 0x00007ff8df428000 	C:\WINDOWS\SYSTEM32\ntdll.dll
0x00007ff8de160000 - 0x00007ff8de229000 	C:\WINDOWS\System32\KERNEL32.DLL
0x00007ff8dc720000 - 0x00007ff8dcb0d000 	C:\WINDOWS\System32\KERNELBASE.dll
0x00007ff8dcb40000 - 0x00007ff8dcc8b000 	C:\WINDOWS\System32\ucrtbase.dll
0x00007ff8d5410000 - 0x00007ff8d5427000 	C:\Program Files\Java\jdk-22\bin\jli.dll
0x00007ff8d3510000 - 0x00007ff8d352b000 	C:\Program Files\Java\jdk-22\bin\VCRUNTIME140.dll
0x00007ff8dd650000 - 0x00007ff8dd81c000 	C:\WINDOWS\System32\USER32.dll
0x00007ff8dcb10000 - 0x00007ff8dcb37000 	C:\WINDOWS\System32\win32u.dll
0x00007ff8c27c0000 - 0x00007ff8c2a5a000 	C:\WINDOWS\WinSxS\amd64_microsoft.windows.common-controls_6595b64144ccf1df_6.0.26100.4484_none_3e0e6d4ce32ef3b3\COMCTL32.dll
0x00007ff8ded50000 - 0x00007ff8ded7b000 	C:\WINDOWS\System32\GDI32.dll
0x00007ff8dc310000 - 0x00007ff8dc447000 	C:\WINDOWS\System32\gdi32full.dll
0x00007ff8ddda0000 - 0x00007ff8dde49000 	C:\WINDOWS\System32\msvcrt.dll
0x00007ff8dcc90000 - 0x00007ff8dcd33000 	C:\WINDOWS\System32\msvcp_win.dll
0x00007ff8ddf50000 - 0x00007ff8ddf7f000 	C:\WINDOWS\System32\IMM32.DLL
0x00007ff8d8d90000 - 0x00007ff8d8d9c000 	C:\Program Files\Java\jdk-22\bin\vcruntime140_1.dll
0x00007ff8b49e0000 - 0x00007ff8b4a6e000 	C:\Program Files\Java\jdk-22\bin\msvcp140.dll
0x00007ff881090000 - 0x00007ff881dd9000 	C:\Program Files\Java\jdk-22\bin\server\jvm.dll
0x00007ff8dcf60000 - 0x00007ff8dd014000 	C:\WINDOWS\System32\ADVAPI32.dll
0x00007ff8de080000 - 0x00007ff8de126000 	C:\WINDOWS\System32\sechost.dll
0x00007ff8dd3c0000 - 0x00007ff8dd4d8000 	C:\WINDOWS\System32\RPCRT4.dll
0x00007ff8dd190000 - 0x00007ff8dd204000 	C:\WINDOWS\System32\WS2_32.dll
0x00007ff8d16b0000 - 0x00007ff8d16e5000 	C:\WINDOWS\SYSTEM32\WINMM.dll
0x00007ff8daef0000 - 0x00007ff8daf4e000 	C:\WINDOWS\SYSTEM32\POWRPROF.dll
0x00007ff8d0400000 - 0x00007ff8d040b000 	C:\WINDOWS\SYSTEM32\VERSION.dll
0x00007ff8daec0000 - 0x00007ff8daed4000 	C:\WINDOWS\SYSTEM32\UMPDC.dll
0x00007ff8db130000 - 0x00007ff8db14b000 	C:\WINDOWS\SYSTEM32\kernel.appcore.dll
0x00007ff8d8cf0000 - 0x00007ff8d8cfa000 	C:\Program Files\Java\jdk-22\bin\jimage.dll
0x00007ff8d9990000 - 0x00007ff8d9bd1000 	C:\WINDOWS\SYSTEM32\DBGHELP.DLL
0x00007ff8dedf0000 - 0x00007ff8df176000 	C:\WINDOWS\System32\combase.dll
0x00007ff8ddf90000 - 0x00007ff8de070000 	C:\WINDOWS\System32\OLEAUT32.dll
0x00007ff8be4a0000 - 0x00007ff8be4e3000 	C:\WINDOWS\SYSTEM32\dbgcore.DLL
0x00007ff8dcec0000 - 0x00007ff8dcf59000 	C:\WINDOWS\System32\bcryptPrimitives.dll
0x00007ff8d5870000 - 0x00007ff8d587f000 	C:\Program Files\Java\jdk-22\bin\instrument.dll
0x00007ff8d1910000 - 0x00007ff8d192e000 	C:\Program Files\Java\jdk-22\bin\java.dll
0x00007ff8de5e0000 - 0x00007ff8ded2a000 	C:\WINDOWS\System32\SHELL32.dll
0x00007ff8dcd40000 - 0x00007ff8dceb4000 	C:\WINDOWS\System32\wintypes.dll
0x00007ff8dd210000 - 0x00007ff8dd3ae000 	C:\WINDOWS\System32\ole32.dll
0x00007ff8d9f40000 - 0x00007ff8da79b000 	C:\WINDOWS\SYSTEM32\windows.storage.dll
0x00007ff8dd550000 - 0x00007ff8dd645000 	C:\WINDOWS\System32\SHCORE.dll
0x00007ff8dd4e0000 - 0x00007ff8dd54a000 	C:\WINDOWS\System32\shlwapi.dll
0x00007ff8dc220000 - 0x00007ff8dc24f000 	C:\WINDOWS\SYSTEM32\profapi.dll
0x00007ff8b4900000 - 0x00007ff8b49d7000 	C:\Program Files\Java\jdk-22\bin\jsvml.dll
0x00007ff8d0e10000 - 0x00007ff8d0e27000 	C:\Program Files\Java\jdk-22\bin\zip.dll
0x00007ff8d5830000 - 0x00007ff8d5840000 	C:\Program Files\Java\jdk-22\bin\net.dll
0x00007ff8db760000 - 0x00007ff8db7ca000 	C:\WINDOWS\system32\mswsock.dll
0x00007ff8d18f0000 - 0x00007ff8d1906000 	C:\Program Files\Java\jdk-22\bin\nio.dll
0x00007ff8d17d0000 - 0x00007ff8d17d9000 	C:\Program Files\Java\jdk-22\bin\extnet.dll
0x00007ff8dabf0000 - 0x00007ff8dad16000 	C:\WINDOWS\SYSTEM32\DNSAPI.dll
0x00007ff8daae0000 - 0x00007ff8dab13000 	C:\WINDOWS\SYSTEM32\IPHLPAPI.DLL
0x00007ff8dede0000 - 0x00007ff8dedea000 	C:\WINDOWS\System32\NSI.dll
0x00007ff8d4df0000 - 0x00007ff8d4dfb000 	C:\Windows\System32\rasadhlp.dll
0x00007ff8cfd30000 - 0x00007ff8cfdb6000 	C:\WINDOWS\System32\fwpuclnt.dll
0x00007ff8d0f90000 - 0x00007ff8d0f9a000 	C:\Program Files\Java\jdk-22\bin\management.dll
0x00007ff8d0c60000 - 0x00007ff8d0c6b000 	C:\Program Files\Java\jdk-22\bin\management_ext.dll
0x00007ff8dedd0000 - 0x00007ff8dedd8000 	C:\WINDOWS\System32\PSAPI.DLL
0x00000212170c0000 - 0x00000212170c3000 	C:\Users\utente\.openjfx\cache\21.0.2+5\amd64\api-ms-win-core-console-l1-1-0.dll
0x00000212170d0000 - 0x00000212170d3000 	C:\Users\utente\.openjfx\cache\21.0.2+5\amd64\api-ms-win-core-console-l1-2-0.dll
0x00000212170e0000 - 0x00000212170e3000 	C:\Users\utente\.openjfx\cache\21.0.2+5\amd64\api-ms-win-core-datetime-l1-1-0.dll
0x00000212170f0000 - 0x00000212170f3000 	C:\Users\utente\.openjfx\cache\21.0.2+5\amd64\api-ms-win-core-debug-l1-1-0.dll
0x0000021217100000 - 0x0000021217103000 	C:\Users\utente\.openjfx\cache\21.0.2+5\amd64\api-ms-win-core-errorhandling-l1-1-0.dll
0x0000021217110000 - 0x0000021217114000 	C:\Users\utente\.openjfx\cache\21.0.2+5\amd64\api-ms-win-core-file-l1-1-0.dll
0x0000021217120000 - 0x0000021217123000 	C:\Users\utente\.openjfx\cache\21.0.2+5\amd64\api-ms-win-core-file-l1-2-0.dll
0x0000021217130000 - 0x0000021217133000 	C:\Users\utente\.openjfx\cache\21.0.2+5\amd64\api-ms-win-core-file-l2-1-0.dll
0x00000212189f0000 - 0x00000212189f3000 	C:\Users\utente\.openjfx\cache\21.0.2+5\amd64\api-ms-win-core-handle-l1-1-0.dll
0x0000021218a00000 - 0x0000021218a03000 	C:\Users\utente\.openjfx\cache\21.0.2+5\amd64\api-ms-win-core-heap-l1-1-0.dll
0x0000021218a10000 - 0x0000021218a13000 	C:\Users\utente\.openjfx\cache\21.0.2+5\amd64\api-ms-win-core-interlocked-l1-1-0.dll
0x0000021218a20000 - 0x0000021218a23000 	C:\Users\utente\.openjfx\cache\21.0.2+5\amd64\api-ms-win-core-libraryloader-l1-1-0.dll
0x0000021218a30000 - 0x0000021218a33000 	C:\Users\utente\.openjfx\cache\21.0.2+5\amd64\api-ms-win-core-localization-l1-2-0.dll
0x0000021218a40000 - 0x0000021218a43000 	C:\Users\utente\.openjfx\cache\21.0.2+5\amd64\api-ms-win-core-memory-l1-1-0.dll
0x0000021238d30000 - 0x0000021238d33000 	C:\Users\utente\.openjfx\cache\21.0.2+5\amd64\api-ms-win-core-namedpipe-l1-1-0.dll
0x0000021238d40000 - 0x0000021238d43000 	C:\Users\utente\.openjfx\cache\21.0.2+5\amd64\api-ms-win-core-processenvironment-l1-1-0.dll
0x0000021238d50000 - 0x0000021238d53000 	C:\Users\utente\.openjfx\cache\21.0.2+5\amd64\api-ms-win-core-processthreads-l1-1-0.dll
0x0000021238d60000 - 0x0000021238d63000 	C:\Users\utente\.openjfx\cache\21.0.2+5\amd64\api-ms-win-core-processthreads-l1-1-1.dll
0x0000021238d70000 - 0x0000021238d73000 	C:\Users\utente\.openjfx\cache\21.0.2+5\amd64\api-ms-win-core-profile-l1-1-0.dll
0x0000021238d80000 - 0x0000021238d83000 	C:\Users\utente\.openjfx\cache\21.0.2+5\amd64\api-ms-win-core-rtlsupport-l1-1-0.dll
0x0000021238d90000 - 0x0000021238d93000 	C:\Users\utente\.openjfx\cache\21.0.2+5\amd64\api-ms-win-core-string-l1-1-0.dll
0x0000021238da0000 - 0x0000021238da3000 	C:\Users\utente\.openjfx\cache\21.0.2+5\amd64\api-ms-win-core-synch-l1-1-0.dll
0x0000021238db0000 - 0x0000021238db3000 	C:\Users\utente\.openjfx\cache\21.0.2+5\amd64\api-ms-win-core-synch-l1-2-0.dll
0x0000021238dc0000 - 0x0000021238dc3000 	C:\Users\utente\.openjfx\cache\21.0.2+5\amd64\api-ms-win-core-sysinfo-l1-1-0.dll
0x0000021238dd0000 - 0x0000021238dd3000 	C:\Users\utente\.openjfx\cache\21.0.2+5\amd64\api-ms-win-core-timezone-l1-1-0.dll
0x0000021238de0000 - 0x0000021238de3000 	C:\Users\utente\.openjfx\cache\21.0.2+5\amd64\api-ms-win-core-util-l1-1-0.dll
0x0000021238df0000 - 0x0000021238df3000 	C:\Users\utente\.openjfx\cache\21.0.2+5\amd64\api-ms-win-crt-conio-l1-1-0.dll
0x0000021238e00000 - 0x0000021238e04000 	C:\Users\utente\.openjfx\cache\21.0.2+5\amd64\api-ms-win-crt-convert-l1-1-0.dll
0x00007ff8dba10000 - 0x00007ff8dba2b000 	C:\WINDOWS\SYSTEM32\CRYPTSP.dll
0x00007ff8db150000 - 0x00007ff8db18b000 	C:\WINDOWS\system32\rsaenh.dll
0x00007ff8db800000 - 0x00007ff8db82b000 	C:\WINDOWS\SYSTEM32\USERENV.dll
0x0000021238e10000 - 0x0000021238e13000 	C:\Users\utente\.openjfx\cache\21.0.2+5\amd64\api-ms-win-crt-environment-l1-1-0.dll
0x00007ff8dc1f0000 - 0x00007ff8dc216000 	C:\WINDOWS\SYSTEM32\bcrypt.dll
0x00007ff8dba30000 - 0x00007ff8dba3c000 	C:\WINDOWS\SYSTEM32\CRYPTBASE.dll
0x0000021238e20000 - 0x0000021238e23000 	C:\Users\utente\.openjfx\cache\21.0.2+5\amd64\api-ms-win-crt-filesystem-l1-1-0.dll
0x0000021238e30000 - 0x0000021238e33000 	C:\Users\utente\.openjfx\cache\21.0.2+5\amd64\api-ms-win-crt-heap-l1-1-0.dll
0x0000021238e40000 - 0x0000021238e43000 	C:\Users\utente\.openjfx\cache\21.0.2+5\amd64\api-ms-win-crt-locale-l1-1-0.dll
0x0000021238e50000 - 0x0000021238e55000 	C:\Users\utente\.openjfx\cache\21.0.2+5\amd64\api-ms-win-crt-math-l1-1-0.dll
0x0000021238e60000 - 0x0000021238e65000 	C:\Users\utente\.openjfx\cache\21.0.2+5\amd64\api-ms-win-crt-multibyte-l1-1-0.dll
0x0000021238e70000 - 0x0000021238e80000 	C:\Users\utente\.openjfx\cache\21.0.2+5\amd64\api-ms-win-crt-private-l1-1-0.dll
0x0000021238e80000 - 0x0000021238e83000 	C:\Users\utente\.openjfx\cache\21.0.2+5\amd64\api-ms-win-crt-process-l1-1-0.dll
0x0000021238e90000 - 0x0000021238e94000 	C:\Users\utente\.openjfx\cache\21.0.2+5\amd64\api-ms-win-crt-runtime-l1-1-0.dll
0x0000021238ea0000 - 0x0000021238ea4000 	C:\Users\utente\.openjfx\cache\21.0.2+5\amd64\api-ms-win-crt-stdio-l1-1-0.dll
0x0000021238eb0000 - 0x0000021238eb4000 	C:\Users\utente\.openjfx\cache\21.0.2+5\amd64\api-ms-win-crt-string-l1-1-0.dll
0x0000021238ec0000 - 0x0000021238ec3000 	C:\Users\utente\.openjfx\cache\21.0.2+5\amd64\api-ms-win-crt-time-l1-1-0.dll
0x00007ff8acfb0000 - 0x00007ff8acfc8000 	C:\WINDOWS\system32\napinsp.dll
0x00007ff8a7b10000 - 0x00007ff8a7b22000 	C:\WINDOWS\System32\winrnr.dll
0x00007ff8a3cf0000 - 0x00007ff8a3d20000 	C:\WINDOWS\system32\nlansp_c.dll
0x00007ff8d12d0000 - 0x00007ff8d12f0000 	C:\WINDOWS\system32\wshbth.dll
0x0000021238fd0000 - 0x0000021238fd3000 	C:\Users\utente\.openjfx\cache\21.0.2+5\amd64\api-ms-win-crt-utility-l1-1-0.dll
0x00007ff8b43c0000 - 0x00007ff8b44bc000 	C:\Users\utente\.openjfx\cache\21.0.2+5\amd64\ucrtbase.dll
0x00007ff8cac60000 - 0x00007ff8cac7b000 	C:\Users\utente\.openjfx\cache\21.0.2+5\amd64\vcruntime140.dll
0x00007ff8cac50000 - 0x00007ff8cac5c000 	C:\Users\utente\.openjfx\cache\21.0.2+5\amd64\vcruntime140_1.dll
0x00007ff8b4870000 - 0x00007ff8b48fe000 	C:\Users\utente\.openjfx\cache\21.0.2+5\amd64\msvcp140.dll
0x00007ff8c0460000 - 0x00007ff8c0469000 	C:\Users\utente\.openjfx\cache\21.0.2+5\amd64\msvcp140_1.dll
0x00007ff8b4c20000 - 0x00007ff8b4c61000 	C:\Users\utente\.openjfx\cache\21.0.2+5\amd64\msvcp140_2.dll
0x00007ff8b5bc0000 - 0x00007ff8b5bf0000 	C:\Users\utente\.openjfx\cache\21.0.2+5\amd64\prism_d3d.dll
0x00007ff8bf2d0000 - 0x00007ff8bf48a000 	C:\WINDOWS\system32\d3d9.dll
0x00007ff8d93b0000 - 0x00007ff8d93e6000 	C:\WINDOWS\SYSTEM32\dwmapi.dll
0x00007ff8d91c0000 - 0x00007ff8d920d000 	C:\WINDOWS\SYSTEM32\dxcore.dll
0x00007ff8d8f50000 - 0x00007ff8d8fff000 	C:\WINDOWS\system32\uxtheme.dll
0x00007ff880aa0000 - 0x00007ff880b6a000 	C:\WINDOWS\SYSTEM32\d3d9on12.dll
0x00007ff8d9230000 - 0x00007ff8d9368000 	C:\WINDOWS\SYSTEM32\dxgi.dll
0x00007ff8954b0000 - 0x00007ff8954d3000 	C:\WINDOWS\SYSTEM32\d3d12.dll
0x00007ff8d9150000 - 0x00007ff8d91b4000 	C:\WINDOWS\SYSTEM32\directxdatabasehelper.dll
0x00007ff8dbfa0000 - 0x00007ff8dbff7000 	C:\WINDOWS\SYSTEM32\cfgmgr32.dll
0x00007ff8680e0000 - 0x00007ff868357000 	C:\WINDOWS\SYSTEM32\D3D12Core.dll
0x00007ff8809a0000 - 0x00007ff880a93000 	C:\WINDOWS\System32\DriverStore\FileRepository\iigd_dch.inf_amd64_5abe29f3c0d0da38\igd12umd64.dll
0x00007ff834720000 - 0x00007ff835809000 	C:\WINDOWS\System32\DriverStore\FileRepository\iigd_dch.inf_amd64_5abe29f3c0d0da38\igd12um64xel.dll
0x00007ff8dc5a0000 - 0x00007ff8dc717000 	C:\WINDOWS\System32\CRYPT32.dll
0x00007ff880970000 - 0x00007ff880996000 	C:\WINDOWS\System32\DriverStore\FileRepository\iigd_dch.inf_amd64_5abe29f3c0d0da38\igdext64.dll
0x00007ff8ae470000 - 0x00007ff8ae4be000 	C:\WINDOWS\SYSTEM32\pdh.dll

dbghelp: loaded successfully - version: 4.0.5 - missing functions: none
symbol engine: initialized successfully - sym options: 0x614 - pdb path: .;C:\Program Files\Java\jdk-22\bin;C:\WINDOWS\SYSTEM32;C:\WINDOWS\WinSxS\amd64_microsoft.windows.common-controls_6595b64144ccf1df_6.0.26100.4484_none_3e0e6d4ce32ef3b3;C:\Program Files\Java\jdk-22\bin\server;C:\Users\utente\.openjfx\cache\21.0.2+5\amd64;C:\WINDOWS\System32\DriverStore\FileRepository\iigd_dch.inf_amd64_5abe29f3c0d0da38;C:\Program Files\Common Files\Microsoft Shared\Ink;C:\Program Files (x86)\Samsung\Easy Printer Manager\SmartScreenPrint

VM Arguments:
jvm_args: -javaagent:C:\Program Files\JetBrains\IntelliJ IDEA 2025.1\lib\idea_rt.jar=64602 -Dfile.encoding=UTF-8 -Dsun.stdout.encoding=UTF-8 -Dsun.stderr.encoding=UTF-8 
java_command: org.BABO.client.ClientApplication
java_class_path (initial): C:\Users\utente\OneDrive\Desktop\UNI\2 anno\2 semestre\LabB\LabBRO-giusta\BookRecommender\client\target\classes;C:\Users\utente\OneDrive\Desktop\UNI\2 anno\2 semestre\LabB\LabBRO-giusta\BookRecommender\shared\target\classes;C:\Users\utente\.m2\repository\org\openjfx\javafx-controls\21.0.2\javafx-controls-21.0.2.jar;C:\Users\utente\.m2\repository\org\openjfx\javafx-controls\21.0.2\javafx-controls-21.0.2-win.jar;C:\Users\utente\.m2\repository\org\openjfx\javafx-graphics\21.0.2\javafx-graphics-21.0.2.jar;C:\Users\utente\.m2\repository\org\openjfx\javafx-graphics\21.0.2\javafx-graphics-21.0.2-win.jar;C:\Users\utente\.m2\repository\org\openjfx\javafx-fxml\21.0.2\javafx-fxml-21.0.2.jar;C:\Users\utente\.m2\repository\org\openjfx\javafx-fxml\21.0.2\javafx-fxml-21.0.2-win.jar;C:\Users\utente\.m2\repository\org\openjfx\javafx-base\21.0.2\javafx-base-21.0.2.jar;C:\Users\utente\.m2\repository\org\openjfx\javafx-base\21.0.2\javafx-base-21.0.2-win.jar;C:\Users\utente\.m2\repository\com\squareup\okhttp3\okhttp\4.12.0\okhttp-4.12.0.jar;C:\Users\utente\.m2\repository\com\squareup\okio\okio\3.6.0\okio-3.6.0.jar;C:\Users\utente\.m2\repository\com\squareup\okio\okio-jvm\3.6.0\okio-jvm-3.6.0.jar;C:\Users\utente\.m2\repository\org\jetbrains\kotlin\kotlin-stdlib-common\1.9.20\kotlin-stdlib-common-1.9.20.jar;C:\Users\utente\.m2\repository\org\jetbrains\kotlin\kotlin-stdlib-jdk8\1.9.20\kotlin-stdlib-jdk8-1.9.20.jar;C:\Users\utente\.m2\repository\org\jetbrains\kotlin\kotlin-stdlib\1.9.20\kotlin-stdlib-1.9.20.jar;C:\Users\utente\.m2\repository\org\jetbrains\annotations\13.0\annotations-13.0.jar;C:\Users\utente\.m2\repository\org\jetbrains\kotlin\kotlin-stdlib-jdk7\1.9.20\kotlin-stdlib-jdk7-1.9.20.jar;C:\Users\utente\.m2\repository\com\fasterxml\jackson\core\jackson-databind\2.15.2\jackson-databind-2.15.2.jar;C:\Users\utente\.m2\repository\com\fasterxml\jackson\core\jackson-core\2.15.2\jackson-core-2.15.2.jar;C:\Users\utente\.m2\repository\com\fasterxml\jackson\core\jackson-annotations\2.15.2\jackson-annotations-2.15.2.jar
Launcher Type: SUN_STANDARD

[Global flags]
     intx CICompilerCount                          = 12                                        {product} {ergonomic}
     uint ConcGCThreads                            = 3                                         {product} {ergonomic}
     uint G1ConcRefinementThreads                  = 13                                        {product} {ergonomic}
   size_t G1HeapRegionSize                         = 2097152                                   {product} {ergonomic}
   size_t InitialHeapSize                          = 264241152                                 {product} {ergonomic}
   size_t MarkStackSize                            = 4194304                                   {product} {ergonomic}
   size_t MaxHeapSize                              = 4219469824                                {product} {ergonomic}
   size_t MaxNewSize                               = 2531262464                                {product} {ergonomic}
   size_t MinHeapDeltaBytes                        = 2097152                                   {product} {ergonomic}
   size_t MinHeapSize                              = 8388608                                   {product} {ergonomic}
    uintx NonNMethodCodeHeapSize                   = 7602480                                {pd product} {ergonomic}
    uintx NonProfiledCodeHeapSize                  = 122027880                              {pd product} {ergonomic}
    uintx ProfiledCodeHeapSize                     = 122027880                              {pd product} {ergonomic}
    uintx ReservedCodeCacheSize                    = 251658240                              {pd product} {ergonomic}
     bool SegmentedCodeCache                       = true                                      {product} {ergonomic}
   size_t SoftMaxHeapSize                          = 4219469824                             {manageable} {ergonomic}
     bool UseCompressedOops                        = true                           {product lp64_product} {ergonomic}
     bool UseG1GC                                  = true                                      {product} {ergonomic}
     bool UseLargePagesIndividualAllocation        = false                                  {pd product} {ergonomic}

Logging:
Log output configuration:
 #0: stdout all=off uptime,level,tags foldmultilines=false
 #1: stderr all=off uptime,level,tags foldmultilines=false

Environment Variables:
JAVA_HOME=C:\Program Files\Java\jdk-22
CLASSPATH=.;C:\Program Files\Java\javalib;C:\Program Files\Java\jarlib\prog-4ed.jar
PATH=C:\Program Files (x86)\Razer\ChromaBroadcast\bin;C:\Program Files\Razer\ChromaBroadcast\bin;C:\Program Files (x86)\NVIDIA Corporation\PhysX\Common;C:\Program Files\Common Files\Oracle\Java\javapath;C:\Program Files (x86)\Common Files\Oracle\Java\java8path;C:\Program Files (x86)\Common Files\Oracle\Java\javapath;C:\Program Files\Java\jdk-21\bin;C:\Program Files\Java\jdk-22\bin;C:\WINDOWS\system32;C:\WINDOWS;C:\WINDOWS\System32\Wbem;C:\WINDOWS\System32\WindowsPowerShell\v1.0\;C:\WINDOWS\System32\OpenSSH\;C:\Program Files\nodejs\;C:\Program Files\Java\apache-maven-3.9.9\bin;C:\Strawberry\c\bin;C:\Strawberry\perl\site\bin;C:\Strawberry\perl\bin;C:\Program Files\Docker\Docker\resources\bin;C:\WINDOWS\system32\config\systemprofile\AppData\Local\Microsoft\WindowsApps;C:\Users\utente\AppData\Local\Microsoft\WindowsApps;C:\Users\utente\AppData\Local\Programs\Microsoft VS Code\bin;C:\Users\utente\AppData\Roaming\npm;C:\Users\utente\AppData\Local\Programs\MiKTeX\miktex\bin\x64\;C:\Users\utente\AppData\Local\GitHubDesktop\bin;C:\Program Files\JetBrains\IntelliJ IDEA 2025.1\bin;C:\Users\utente\AppData\Local\JetBrains\Toolbox\scripts;
USERNAME=utente
OS=Windows_NT
PROCESSOR_IDENTIFIER=Intel64 Family 6 Model 154 Stepping 3, GenuineIntel
TMP=C:\Users\utente\AppData\Local\Temp
TEMP=C:\Users\utente\AppData\Local\Temp




Periodic native trim disabled

---------------  S Y S T E M  ---------------

OS:
 Windows 11 , 64 bit Build 26100 (10.0.26100.4484)
OS uptime: 24 days 20:34 hours
Hyper-V role detected

CPU: total 16 (initial active 16) (8 cores per cpu, 2 threads per core) family 6 model 154 stepping 3 microcode 0x423, cx8, cmov, fxsr, ht, mmx, 3dnowpref, sse, sse2, sse3, ssse3, sse4.1, sse4.2, popcnt, lzcnt, tsc, tscinvbit, avx, avx2, aes, erms, clmul, bmi1, bmi2, adx, sha, fma, vzeroupper, clflush, clflushopt, clwb, hv, serialize, rdtscp, rdpid, fsrm, f16c, cet_ibt, cet_ss
Processor Information for processor 0
  Max Mhz: 3100, Current Mhz: 3100, Mhz Limit: 3100
Processor Information for processor 1
  Max Mhz: 3100, Current Mhz: 3100, Mhz Limit: 3100
Processor Information for processor 2
  Max Mhz: 3100, Current Mhz: 3100, Mhz Limit: 3100
Processor Information for processor 3
  Max Mhz: 3100, Current Mhz: 3100, Mhz Limit: 3100
Processor Information for processor 4
  Max Mhz: 3100, Current Mhz: 3100, Mhz Limit: 3100
Processor Information for processor 5
  Max Mhz: 3100, Current Mhz: 3100, Mhz Limit: 3100
Processor Information for processor 6
  Max Mhz: 3100, Current Mhz: 3100, Mhz Limit: 3100
Processor Information for processor 7
  Max Mhz: 3100, Current Mhz: 3100, Mhz Limit: 3100
Processor Information for processor 8
  Max Mhz: 3100, Current Mhz: 1488, Mhz Limit: 2232
Processor Information for processor 9
  Max Mhz: 3100, Current Mhz: 1488, Mhz Limit: 2232
Processor Information for processor 10
  Max Mhz: 3100, Current Mhz: 1488, Mhz Limit: 2232
Processor Information for processor 11
  Max Mhz: 3100, Current Mhz: 1488, Mhz Limit: 2232
Processor Information for processor 12
  Max Mhz: 3100, Current Mhz: 1488, Mhz Limit: 2232
Processor Information for processor 13
  Max Mhz: 3100, Current Mhz: 2232, Mhz Limit: 2232
Processor Information for processor 14
  Max Mhz: 3100, Current Mhz: 1488, Mhz Limit: 2232
Processor Information for processor 15
  Max Mhz: 3100, Current Mhz: 1488, Mhz Limit: 2232

Memory: 4k page, system-wide physical 16088M (2383M free)
TotalPageFile size 18776M (AvailPageFile size 906M)
current process WorkingSet (physical memory assigned to process): 409M, peak: 443M
current process commit charge ("private bytes"): 562M, peak: 601M

vm_info: Java HotSpot(TM) 64-Bit Server VM (22.0.2+9-70) for windows-amd64 JRE (22.0.2+9-70), built on 2024-06-04T16:52:23Z by "mach5one" with MS VC++ 17.6 (VS2022)

END.
